<?xml version="1.0" encoding="UTF-8"?>
<!-- Generated by org.testng.reporters.JUnitReportReporter -->
<testsuite skipped="0" hostname="tcw-07" name="com.snyder.test.regression.OfferZoneTest" tests="7" failures="0" timestamp="27 Oct 2017 10:19:03 GMT" time="16.950" errors="0">
  <testcase name="navigateFashionLifeStyleTabTest" time="3.750" classname="com.snyder.test.regression.OfferZoneTest"/>
  <testcase name="navigateMobilesTabletsTabTest" time="0.266" classname="com.snyder.test.regression.OfferZoneTest"/>
  <testcase name="navigateElectronicsTabTest" time="2.025" classname="com.snyder.test.regression.OfferZoneTest"/>
  <testcase name="navigateTvsAppliancesTabTest" time="4.317" classname="com.snyder.test.regression.OfferZoneTest"/>
  <testcase name="navigateHomeFurnitureTabTest" time="3.894" classname="com.snyder.test.regression.OfferZoneTest"/>
  <testcase name="navigateCarsBikesTest" time="1.014" classname="com.snyder.test.regression.OfferZoneTest"/>
  <testcase name="navigateBooksStationeryTest" time="1.684" classname="com.snyder.test.regression.OfferZoneTest"/>
</testsuite> <!-- com.snyder.test.regression.OfferZoneTest -->
