<?xml version="1.0" encoding="UTF-8"?>
<!-- Generated by org.testng.reporters.JUnitReportReporter -->
<testsuite skipped="0" hostname="lenovo" name="com.snyder.test.smoke.TestLoginUS109" tests="1" failures="0" timestamp="21 Oct 2017 17:05:49 GMT" time="44.885" errors="0">
  <testcase name="testLoginSuccess" time="44.885" classname="com.snyder.test.smoke.TestLoginUS109"/>
</testsuite> <!-- com.snyder.test.smoke.TestLoginUS109 -->
