<?xml version="1.0" encoding="UTF-8"?>
<!-- Generated by org.testng.reporters.JUnitReportReporter -->
<testsuite skipped="0" hostname="tcw-07" name="com.snyder.test.smoke.TestLoginUS109" tests="4" failures="0" timestamp="27 Oct 2017 05:15:47 GMT" time="17.515" errors="0">
  <testcase name="testElectronicsTitle" time="6.172" classname="com.snyder.test.smoke.TestLoginUS109"/>
  <testcase name="testTvAppliancesTitle" time="4.156" classname="com.snyder.test.smoke.TestLoginUS109"/>
  <testcase name="testFashoinTitle" time="3.246" classname="com.snyder.test.smoke.TestLoginUS109"/>
  <testcase name="testHomeFurnitureTitle" time="3.941" classname="com.snyder.test.smoke.TestLoginUS109"/>
</testsuite> <!-- com.snyder.test.smoke.TestLoginUS109 -->
